execve("./a.out", ["./a.out"], [/* 69 vars */]) = 0
brk(NULL)                               = 0x2336000
access("/etc/ld.so.nohwcap", F_OK)      = -1 ENOENT (No such file or directory)
access("/etc/ld.so.preload", R_OK)      = -1 ENOENT (No such file or directory)
open("/etc/ld.so.cache", O_RDONLY|O_CLOEXEC) = 3
fstat(3, {st_mode=S_IFREG|0644, st_size=89231, ...}) = 0
mmap(NULL, 89231, PROT_READ, MAP_PRIVATE, 3, 0) = 0x7f00f7e58000
close(3)                                = 0
access("/etc/ld.so.nohwcap", F_OK)      = -1 ENOENT (No such file or directory)
open("/lib/x86_64-linux-gnu/libc.so.6", O_RDONLY|O_CLOEXEC) = 3
read(3, "\177ELF\2\1\1\3\0\0\0\0\0\0\0\0\3\0>\0\1\0\0\0P\t\2\0\0\0\0\0"..., 832) = 832
fstat(3, {st_mode=S_IFREG|0755, st_size=1868984, ...}) = 0
mmap(NULL, 4096, PROT_READ|PROT_WRITE, MAP_PRIVATE|MAP_ANONYMOUS, -1, 0) = 0x7f00f7e57000
mmap(NULL, 3971488, PROT_READ|PROT_EXEC, MAP_PRIVATE|MAP_DENYWRITE, 3, 0) = 0x7f00f787f000
mprotect(0x7f00f7a3f000, 2097152, PROT_NONE) = 0
mmap(0x7f00f7c3f000, 24576, PROT_READ|PROT_WRITE, MAP_PRIVATE|MAP_FIXED|MAP_DENYWRITE, 3, 0x1c0000) = 0x7f00f7c3f000
mmap(0x7f00f7c45000, 14752, PROT_READ|PROT_WRITE, MAP_PRIVATE|MAP_FIXED|MAP_ANONYMOUS, -1, 0) = 0x7f00f7c45000
close(3)                                = 0
mmap(NULL, 4096, PROT_READ|PROT_WRITE, MAP_PRIVATE|MAP_ANONYMOUS, -1, 0) = 0x7f00f7e56000
mmap(NULL, 4096, PROT_READ|PROT_WRITE, MAP_PRIVATE|MAP_ANONYMOUS, -1, 0) = 0x7f00f7e55000
arch_prctl(ARCH_SET_FS, 0x7f00f7e56700) = 0
mprotect(0x7f00f7c3f000, 16384, PROT_READ) = 0
mprotect(0x600000, 4096, PROT_READ)     = 0
mprotect(0x7f00f7e6e000, 4096, PROT_READ) = 0
munmap(0x7f00f7e58000, 89231)           = 0
brk(NULL)                               = 0x2336000
brk(0x2357000)                          = 0x2357000
open("/etc/passwd", O_RDONLY)           = 3
fstat(3, {st_mode=S_IFREG|0644, st_size=2252, ...}) = 0
read(3, "root:x:0:0:root:/root:/bin/bash\n"..., 4096) = 2252
fstat(1, {st_mode=S_IFCHR|0620, st_rdev=makedev(136, 2), ...}) = 0
write(1, "root:x:0:0:root:/root:/bin/bash\n", 32) = 32
write(1, "daemon:x:1:1:daemon:/usr/sbin:/u"..., 48) = 48
write(1, "bin:x:2:2:bin:/bin:/usr/sbin/nol"..., 37) = 37
write(1, "sys:x:3:3:sys:/dev:/usr/sbin/nol"..., 37) = 37
write(1, "sync:x:4:65534:sync:/bin:/bin/sy"..., 35) = 35
write(1, "games:x:5:60:games:/usr/games:/u"..., 48) = 48
write(1, "man:x:6:12:man:/var/cache/man:/u"..., 48) = 48
write(1, "lp:x:7:7:lp:/var/spool/lpd:/usr/"..., 45) = 45
write(1, "mail:x:8:8:mail:/var/mail:/usr/s"..., 44) = 44
write(1, "news:x:9:9:news:/var/spool/news:"..., 50) = 50
write(1, "uucp:x:10:10:uucp:/var/spool/uuc"..., 52) = 52
write(1, "proxy:x:13:13:proxy:/bin:/usr/sb"..., 43) = 43
write(1, "www-data:x:33:33:www-data:/var/w"..., 53) = 53
write(1, "backup:x:34:34:backup:/var/backu"..., 53) = 53
write(1, "list:x:38:38:Mailing\n", 21)  = 21
write(1, "List\n", 5)                   = 5
write(1, "Manager:/var/list:/usr/sbin/nolo"..., 36) = 36
write(1, "irc:x:39:39:ircd:/var/run/ircd:/"..., 49) = 49
write(1, "gnats:x:41:41:Gnats\n", 20)   = 20
write(1, "Bug-Reporting\n", 14)         = 14
write(1, "System\n", 7)                 = 7
write(1, "(admin):/var/lib/gnats:/usr/sbin"..., 41) = 41
write(1, "nobody:x:65534:65534:nobody:/non"..., 59) = 59
write(1, "systemd-timesync:x:100:102:syste"..., 35) = 35
write(1, "Time\n", 5)                   = 5
write(1, "Synchronization,,,:/run/systemd:"..., 43) = 43
write(1, "systemd-network:x:101:103:system"..., 34) = 34
write(1, "Network\n", 8)                = 8
write(1, "Management,,,:/run/systemd/netif"..., 44) = 44
write(1, "systemd-resolve:x:102:104:system"..., 34) = 34
write(1, "Resolver,,,:/run/systemd/resolve"..., 44) = 44
write(1, "systemd-bus-proxy:x:103:105:syst"..., 36) = 36
write(1, "Bus\n", 4)                    = 4
write(1, "Proxy,,,:/run/systemd:/bin/false"..., 33) = 33
write(1, "syslog:x:104:108::/home/syslog:/"..., 42) = 42
write(1, "_apt:x:105:65534::/nonexistent:/"..., 42) = 42
write(1, "messagebus:x:106:110::/var/run/d"..., 47) = 47
write(1, "uuidd:x:107:111::/run/uuidd:/bin"..., 39) = 39
write(1, "lightdm:x:108:114:Light\n", 24) = 24
write(1, "Display\n", 8)                = 8
write(1, "Manager:/var/lib/lightdm:/bin/fa"..., 36) = 36
write(1, "whoopsie:x:109:117::/nonexistent"..., 44) = 44
write(1, "avahi-autoipd:x:110:119:Avahi\n", 30) = 30
write(1, "autoip\n", 7)                 = 7
write(1, "daemon,,,:/var/lib/avahi-autoipd"..., 44) = 44
write(1, "avahi:x:111:120:Avahi\n", 22) = 22
write(1, "mDNS\n", 5)                   = 5
write(1, "daemon,,,:/var/run/avahi-daemon:"..., 43) = 43
write(1, "dnsmasq:x:112:65534:dnsmasq,,,:/"..., 56) = 56
write(1, "colord:x:113:123:colord\n", 24) = 24
write(1, "colour\n", 7)                 = 7
write(1, "management\n", 11)            = 11
write(1, "daemon,,,:/var/lib/colord:/bin/f"..., 37) = 37
write(1, "speech-dispatcher:x:114:29:Speec"..., 34) = 34
write(1, "Dispatcher,,,:/var/run/speech-di"..., 52) = 52
write(1, "hplip:x:115:7:HPLIP\n", 20)   = 20
write(1, "system\n", 7)                 = 7
write(1, "user,,,:/var/run/hplip:/bin/fals"..., 34) = 34
write(1, "kernoops:x:116:65534:Kernel\n", 28) = 28
write(1, "Oops\n", 5)                   = 5
write(1, "Tracking\n", 9)               = 9
write(1, "Daemon,,,:/:/bin/false\n", 23) = 23
write(1, "pulse:x:117:124:PulseAudio\n", 27) = 27
write(1, "daemon,,,:/var/run/pulse:/bin/fa"..., 36) = 36
write(1, "rtkit:x:118:126:RealtimeKit,,,:/"..., 48) = 48
write(1, "saned:x:119:127::/var/lib/saned:"..., 43) = 43
write(1, "usbmux:x:120:46:usbmux\n", 23) = 23
write(1, "daemon,,,:/var/lib/usbmux:/bin/f"..., 37) = 37
write(1, "nbs:x:1000:1000:Nishant\n", 24) = 24
write(1, "Baranwal\n", 9)               = 9
write(1, "Somy,,,:/home/nbs:/bin/bash\n", 28) = 28
read(3, "", 4096)                       = 0
write(1, "Somy,,,:/home/nbs:/bin/bash\n", 28) = 28
exit_group(0)                           = ?
+++ exited with 0 +++
